2024-05-31T10:58:13.691+05:30  INFO 12124 --- [npp] [restartedMain] com.project.npp.NppApplication           : Starting NppApplication using Java 17.0.10 with PID 12124 (C:\Users\supriya.j\Documents\workspace-spring-tool-suite-4-4.21.0.RELEASE\npp\target\classes started by supriya.j in C:\Users\supriya.j\Documents\workspace-spring-tool-suite-4-4.21.0.RELEASE\npp)
2024-05-31T10:58:13.694+05:30  INFO 12124 --- [npp] [restartedMain] com.project.npp.NppApplication           : No active profile set, falling back to 1 default profile: "default"
2024-05-31T10:58:13.748+05:30  INFO 12124 --- [npp] [restartedMain] .e.DevToolsPropertyDefaultsPostProcessor : Devtools property defaults active! Set 'spring.devtools.add-properties' to 'false' to disable
2024-05-31T10:58:13.749+05:30  INFO 12124 --- [npp] [restartedMain] .e.DevToolsPropertyDefaultsPostProcessor : For additional web related logging consider setting the 'logging.level.web' property to 'DEBUG'
2024-05-31T10:58:14.943+05:30  INFO 12124 --- [npp] [restartedMain] .s.d.r.c.RepositoryConfigurationDelegate : Bootstrapping Spring Data JPA repositories in DEFAULT mode.
2024-05-31T10:58:15.053+05:30  INFO 12124 --- [npp] [restartedMain] .s.d.r.c.RepositoryConfigurationDelegate : Finished Spring Data repository scanning in 97 ms. Found 6 JPA repository interfaces.
2024-05-31T10:58:15.789+05:30  INFO 12124 --- [npp] [restartedMain] o.s.b.w.embedded.tomcat.TomcatWebServer  : Tomcat initialized with port 8080 (http)
2024-05-31T10:58:15.806+05:30  INFO 12124 --- [npp] [restartedMain] o.apache.catalina.core.StandardService   : Starting service [Tomcat]
2024-05-31T10:58:15.806+05:30  INFO 12124 --- [npp] [restartedMain] o.apache.catalina.core.StandardEngine    : Starting Servlet engine: [Apache Tomcat/10.1.24]
2024-05-31T10:58:15.884+05:30  INFO 12124 --- [npp] [restartedMain] o.a.c.c.C.[Tomcat].[localhost].[/]       : Initializing Spring embedded WebApplicationContext
2024-05-31T10:58:15.884+05:30  INFO 12124 --- [npp] [restartedMain] w.s.c.ServletWebServerApplicationContext : Root WebApplicationContext: initialization completed in 2135 ms
2024-05-31T10:58:16.051+05:30  INFO 12124 --- [npp] [restartedMain] o.hibernate.jpa.internal.util.LogHelper  : HHH000204: Processing PersistenceUnitInfo [name: default]
2024-05-31T10:58:16.152+05:30  INFO 12124 --- [npp] [restartedMain] org.hibernate.Version                    : HHH000412: Hibernate ORM core version 6.5.2.Final
2024-05-31T10:58:16.208+05:30  INFO 12124 --- [npp] [restartedMain] o.h.c.internal.RegionFactoryInitiator    : HHH000026: Second-level cache disabled
2024-05-31T10:58:16.727+05:30  INFO 12124 --- [npp] [restartedMain] o.s.o.j.p.SpringPersistenceUnitInfo      : No LoadTimeWeaver setup: ignoring JPA class transformer
2024-05-31T10:58:16.778+05:30  INFO 12124 --- [npp] [restartedMain] com.zaxxer.hikari.HikariDataSource       : HikariPool-1 - Starting...
2024-05-31T10:58:17.269+05:30  INFO 12124 --- [npp] [restartedMain] com.zaxxer.hikari.pool.HikariPool        : HikariPool-1 - Added connection com.mysql.cj.jdbc.ConnectionImpl@75e75dba
2024-05-31T10:58:17.272+05:30  INFO 12124 --- [npp] [restartedMain] com.zaxxer.hikari.HikariDataSource       : HikariPool-1 - Start completed.
2024-05-31T10:58:17.343+05:30  WARN 12124 --- [npp] [restartedMain] org.hibernate.dialect.Dialect            : HHH000511: The 5.7.44 version for [org.hibernate.dialect.MySQLDialect] is no longer supported, hence certain features may not work properly. The minimum supported version is 8.0.0. Check the community dialects project for available legacy versions.
2024-05-31T10:58:17.348+05:30  WARN 12124 --- [npp] [restartedMain] org.hibernate.orm.deprecation            : HHH90000025: MySQLDialect does not need to be specified explicitly using 'hibernate.dialect' (remove the property setting and it will be selected by default)
2024-05-31T10:58:18.738+05:30  INFO 12124 --- [npp] [restartedMain] o.h.e.t.j.p.i.JtaPlatformInitiator       : HHH000489: No JTA platform available (set 'hibernate.transaction.jta.platform' to enable JTA platform integration)
2024-05-31T10:58:18.894+05:30  INFO 12124 --- [npp] [restartedMain] j.LocalContainerEntityManagerFactoryBean : Initialized JPA EntityManagerFactory for persistence unit 'default'
2024-05-31T10:58:19.368+05:30  INFO 12124 --- [npp] [restartedMain] eAuthenticationProviderManagerConfigurer : Global AuthenticationManager configured with AuthenticationProvider bean with name authenticationProvider
2024-05-31T10:58:19.369+05:30  WARN 12124 --- [npp] [restartedMain] r$InitializeUserDetailsManagerConfigurer : Global AuthenticationManager configured with an AuthenticationProvider bean. UserDetailsService beans will not be used for username/password login. Consider removing the AuthenticationProvider bean. Alternatively, consider using the UserDetailsService in a manually instantiated DaoAuthenticationProvider.
2024-05-31T10:58:19.571+05:30  WARN 12124 --- [npp] [restartedMain] JpaBaseConfiguration$JpaWebConfiguration : spring.jpa.open-in-view is enabled by default. Therefore, database queries may be performed during view rendering. Explicitly configure spring.jpa.open-in-view to disable this warning
2024-05-31T10:58:19.955+05:30  INFO 12124 --- [npp] [restartedMain] o.s.s.web.DefaultSecurityFilterChain     : Will secure any request with [org.springframework.security.web.session.DisableEncodeUrlFilter@535da72d, org.springframework.security.web.context.request.async.WebAsyncManagerIntegrationFilter@6b3c727d, org.springframework.security.web.context.SecurityContextHolderFilter@501a3755, org.springframework.security.web.header.HeaderWriterFilter@69f8afd2, org.springframework.security.web.authentication.logout.LogoutFilter@134a64b0, com.project.npp.security.jwt.AuthTokenFilter@374686a0, org.springframework.security.web.savedrequest.RequestCacheAwareFilter@410703a3, org.springframework.security.web.servletapi.SecurityContextHolderAwareRequestFilter@1a620093, org.springframework.security.web.authentication.AnonymousAuthenticationFilter@79b75e23, org.springframework.security.web.session.SessionManagementFilter@711b4bbc, org.springframework.security.web.access.ExceptionTranslationFilter@5309caf2, org.springframework.security.web.access.intercept.AuthorizationFilter@5b2c6ebd]
2024-05-31T10:58:20.289+05:30  INFO 12124 --- [npp] [restartedMain] o.s.b.d.a.OptionalLiveReloadServer       : LiveReload server is running on port 35729
2024-05-31T10:58:20.353+05:30  INFO 12124 --- [npp] [restartedMain] o.s.b.w.embedded.tomcat.TomcatWebServer  : Tomcat started on port 8080 (http) with context path '/'
2024-05-31T10:58:20.368+05:30  INFO 12124 --- [npp] [restartedMain] com.project.npp.NppApplication           : Started NppApplication in 7.383 seconds (process running for 9.193)
2024-05-31T10:58:36.176+05:30  INFO 12124 --- [npp] [File Watcher] rtingClassPathChangeChangedEventListener : Restarting due to 54 class path changes (0 additions, 54 deletions, 0 modifications)
2024-05-31T10:58:36.279+05:30  INFO 12124 --- [npp] [Thread-5] j.LocalContainerEntityManagerFactoryBean : Closing JPA EntityManagerFactory for persistence unit 'default'
2024-05-31T10:58:36.285+05:30  INFO 12124 --- [npp] [Thread-5] com.zaxxer.hikari.HikariDataSource       : HikariPool-1 - Shutdown initiated...
2024-05-31T10:58:36.305+05:30  INFO 12124 --- [npp] [Thread-5] com.zaxxer.hikari.HikariDataSource       : HikariPool-1 - Shutdown completed.
2024-05-31T10:58:36.445+05:30  INFO 12124 --- [npp] [restartedMain] com.project.npp.NppApplication           : Starting NppApplication using Java 17.0.10 with PID 12124 (C:\Users\supriya.j\Documents\workspace-spring-tool-suite-4-4.21.0.RELEASE\npp\target\classes started by supriya.j in C:\Users\supriya.j\Documents\workspace-spring-tool-suite-4-4.21.0.RELEASE\npp)
2024-05-31T10:58:36.445+05:30  INFO 12124 --- [npp] [restartedMain] com.project.npp.NppApplication           : No active profile set, falling back to 1 default profile: "default"
2024-05-31T10:58:36.707+05:30  INFO 12124 --- [npp] [restartedMain] .s.d.r.c.RepositoryConfigurationDelegate : Bootstrapping Spring Data JPA repositories in DEFAULT mode.
2024-05-31T10:58:36.708+05:30  INFO 12124 --- [npp] [restartedMain] .s.d.r.c.RepositoryConfigurationDelegate : Finished Spring Data repository scanning in 0 ms. Found 0 JPA repository interfaces.
2024-05-31T10:58:36.799+05:30  INFO 12124 --- [npp] [restartedMain] o.s.b.w.embedded.tomcat.TomcatWebServer  : Tomcat initialized with port 8080 (http)
2024-05-31T10:58:36.800+05:30  INFO 12124 --- [npp] [restartedMain] o.apache.catalina.core.StandardService   : Starting service [Tomcat]
2024-05-31T10:58:36.800+05:30  INFO 12124 --- [npp] [restartedMain] o.apache.catalina.core.StandardEngine    : Starting Servlet engine: [Apache Tomcat/10.1.24]
2024-05-31T10:58:36.836+05:30  INFO 12124 --- [npp] [restartedMain] o.a.c.c.C.[Tomcat].[localhost].[/]       : Initializing Spring embedded WebApplicationContext
2024-05-31T10:58:36.836+05:30  INFO 12124 --- [npp] [restartedMain] w.s.c.ServletWebServerApplicationContext : Root WebApplicationContext: initialization completed in 389 ms
2024-05-31T10:58:36.862+05:30  INFO 12124 --- [npp] [restartedMain] o.hibernate.jpa.internal.util.LogHelper  : HHH000204: Processing PersistenceUnitInfo [name: default]
2024-05-31T10:58:36.865+05:30  INFO 12124 --- [npp] [restartedMain] o.h.c.internal.RegionFactoryInitiator    : HHH000026: Second-level cache disabled
2024-05-31T10:58:36.876+05:30  INFO 12124 --- [npp] [restartedMain] o.s.o.j.p.SpringPersistenceUnitInfo      : No LoadTimeWeaver setup: ignoring JPA class transformer
2024-05-31T10:58:36.877+05:30  INFO 12124 --- [npp] [restartedMain] com.zaxxer.hikari.HikariDataSource       : HikariPool-2 - Starting...
2024-05-31T10:58:36.892+05:30  INFO 12124 --- [npp] [restartedMain] com.zaxxer.hikari.pool.HikariPool        : HikariPool-2 - Added connection com.mysql.cj.jdbc.ConnectionImpl@66675031
2024-05-31T10:58:36.892+05:30  INFO 12124 --- [npp] [restartedMain] com.zaxxer.hikari.HikariDataSource       : HikariPool-2 - Start completed.
2024-05-31T10:58:36.894+05:30  WARN 12124 --- [npp] [restartedMain] org.hibernate.dialect.Dialect            : HHH000511: The 5.7.44 version for [org.hibernate.dialect.MySQLDialect] is no longer supported, hence certain features may not work properly. The minimum supported version is 8.0.0. Check the community dialects project for available legacy versions.
2024-05-31T10:58:36.895+05:30  WARN 12124 --- [npp] [restartedMain] org.hibernate.orm.deprecation            : HHH90000025: MySQLDialect does not need to be specified explicitly using 'hibernate.dialect' (remove the property setting and it will be selected by default)
2024-05-31T10:58:36.916+05:30  INFO 12124 --- [npp] [restartedMain] o.h.e.t.j.p.i.JtaPlatformInitiator       : HHH000489: No JTA platform available (set 'hibernate.transaction.jta.platform' to enable JTA platform integration)
2024-05-31T10:58:36.916+05:30  INFO 12124 --- [npp] [restartedMain] j.LocalContainerEntityManagerFactoryBean : Initialized JPA EntityManagerFactory for persistence unit 'default'
2024-05-31T10:58:36.946+05:30  WARN 12124 --- [npp] [restartedMain] JpaBaseConfiguration$JpaWebConfiguration : spring.jpa.open-in-view is enabled by default. Therefore, database queries may be performed during view rendering. Explicitly configure spring.jpa.open-in-view to disable this warning
2024-05-31T10:58:37.072+05:30  WARN 12124 --- [npp] [restartedMain] .s.s.UserDetailsServiceAutoConfiguration : 

Using generated security password: 6fd713f1-78bd-4997-9a28-e1b607cb7cdf

This generated password is for development use only. Your security configuration must be updated before running your application in production.

2024-05-31T10:58:37.076+05:30  INFO 12124 --- [npp] [restartedMain] r$InitializeUserDetailsManagerConfigurer : Global AuthenticationManager configured with UserDetailsService bean with name inMemoryUserDetailsManager
2024-05-31T10:58:37.131+05:30  INFO 12124 --- [npp] [restartedMain] o.s.s.web.DefaultSecurityFilterChain     : Will secure any request with [org.springframework.security.web.session.DisableEncodeUrlFilter@2e3ca9c2, org.springframework.security.web.context.request.async.WebAsyncManagerIntegrationFilter@36adadb4, org.springframework.security.web.context.SecurityContextHolderFilter@442cd3c6, org.springframework.security.web.header.HeaderWriterFilter@26815896, org.springframework.web.filter.CorsFilter@5c6ae9e0, org.springframework.security.web.csrf.CsrfFilter@1535a3c5, org.springframework.security.web.authentication.logout.LogoutFilter@16c8272c, org.springframework.security.web.authentication.UsernamePasswordAuthenticationFilter@b81ce5e, org.springframework.security.web.authentication.ui.DefaultLoginPageGeneratingFilter@507e4d8e, org.springframework.security.web.authentication.ui.DefaultLogoutPageGeneratingFilter@37561531, org.springframework.security.web.authentication.www.BasicAuthenticationFilter@4dd4c07c, org.springframework.security.web.savedrequest.RequestCacheAwareFilter@7cbf7b0d, org.springframework.security.web.servletapi.SecurityContextHolderAwareRequestFilter@7c17ef72, org.springframework.security.web.authentication.AnonymousAuthenticationFilter@7cefc8a0, org.springframework.security.web.access.ExceptionTranslationFilter@17f2fb4b, org.springframework.security.web.access.intercept.AuthorizationFilter@21da5e06]
2024-05-31T10:58:37.143+05:30  INFO 12124 --- [npp] [restartedMain] o.s.b.d.a.OptionalLiveReloadServer       : LiveReload server is running on port 35729
2024-05-31T10:58:37.155+05:30  INFO 12124 --- [npp] [restartedMain] o.s.b.w.embedded.tomcat.TomcatWebServer  : Tomcat started on port 8080 (http) with context path '/'
2024-05-31T10:58:37.182+05:30  INFO 12124 --- [npp] [restartedMain] com.project.npp.NppApplication           : Started NppApplication in 0.799 seconds (process running for 26.008)
2024-05-31T10:58:37.191+05:30  INFO 12124 --- [npp] [restartedMain] .ConditionEvaluationDeltaLoggingListener : Condition evaluation delta:


==========================
CONDITION EVALUATION DELTA
==========================


Positive matches:
-----------------

   SpringBootWebSecurityConfiguration.SecurityFilterChainConfiguration matched:
      - AllNestedConditions 2 matched 0 did not; NestedCondition on DefaultWebSecurityCondition.Beans @ConditionalOnMissingBean (types: org.springframework.security.web.SecurityFilterChain; SearchStrategy: all) did not find any beans; NestedCondition on DefaultWebSecurityCondition.Classes @ConditionalOnClass found required classes 'org.springframework.security.web.SecurityFilterChain', 'org.springframework.security.config.annotation.web.builders.HttpSecurity' (DefaultWebSecurityCondition)

   SpringBootWebSecurityConfiguration.WebSecurityEnablerConfiguration matched:
      - @ConditionalOnClass found required class 'org.springframework.security.config.annotation.web.configuration.EnableWebSecurity' (OnClassCondition)
      - @ConditionalOnMissingBean (names: springSecurityFilterChain; SearchStrategy: all) did not find any beans (OnBeanCondition)

   UserDetailsServiceAutoConfiguration matched:
      - @ConditionalOnClass found required class 'org.springframework.security.authentication.AuthenticationManager' (OnClassCondition)
      - AnyNestedCondition 1 matched 2 did not; NestedCondition on UserDetailsServiceAutoConfiguration.MissingAlternativeOrUserPropertiesConfigured.PasswordConfigured @ConditionalOnProperty (spring.security.user.password) did not find property 'password'; NestedCondition on UserDetailsServiceAutoConfiguration.MissingAlternativeOrUserPropertiesConfigured.NameConfigured @ConditionalOnProperty (spring.security.user.name) did not find property 'name'; NestedCondition on UserDetailsServiceAutoConfiguration.MissingAlternativeOrUserPropertiesConfigured.MissingAlternative @ConditionalOnMissingClass did not find unwanted classes 'org.springframework.security.oauth2.client.registration.ClientRegistrationRepository', 'org.springframework.security.oauth2.server.resource.introspection.OpaqueTokenIntrospector', 'org.springframework.security.saml2.provider.service.registration.RelyingPartyRegistrationRepository' (UserDetailsServiceAutoConfiguration.MissingAlternativeOrUserPropertiesConfigured)
      - @ConditionalOnBean (types: org.springframework.security.config.annotation.ObjectPostProcessor; SearchStrategy: all) found bean 'objectPostProcessor'; @ConditionalOnMissingBean (types: org.springframework.security.authentication.AuthenticationManager,org.springframework.security.authentication.AuthenticationProvider,org.springframework.security.core.userdetails.UserDetailsService,org.springframework.security.authentication.AuthenticationManagerResolver,org.springframework.security.oauth2.jwt.JwtDecoder; SearchStrategy: all) did not find any beans (OnBeanCondition)


Negative matches:
-----------------

    None


Exclusions:
-----------

    None


Unconditional classes:
----------------------

    None



2024-05-31T10:58:38.569+05:30  INFO 12124 --- [npp] [File Watcher] rtingClassPathChangeChangedEventListener : Restarting due to 4 class path changes (4 additions, 0 deletions, 0 modifications)
2024-05-31T10:58:38.608+05:30  INFO 12124 --- [npp] [Thread-7] j.LocalContainerEntityManagerFactoryBean : Closing JPA EntityManagerFactory for persistence unit 'default'
2024-05-31T10:58:38.609+05:30  INFO 12124 --- [npp] [Thread-7] com.zaxxer.hikari.HikariDataSource       : HikariPool-2 - Shutdown initiated...
2024-05-31T10:58:38.623+05:30  INFO 12124 --- [npp] [Thread-7] com.zaxxer.hikari.HikariDataSource       : HikariPool-2 - Shutdown completed.
2024-05-31T10:58:38.727+05:30  INFO 12124 --- [npp] [restartedMain] com.project.npp.NppApplication           : Starting NppApplication using Java 17.0.10 with PID 12124 (C:\Users\supriya.j\Documents\workspace-spring-tool-suite-4-4.21.0.RELEASE\npp\target\classes started by supriya.j in C:\Users\supriya.j\Documents\workspace-spring-tool-suite-4-4.21.0.RELEASE\npp)
2024-05-31T10:58:38.728+05:30  INFO 12124 --- [npp] [restartedMain] com.project.npp.NppApplication           : No active profile set, falling back to 1 default profile: "default"
2024-05-31T10:58:38.908+05:30  INFO 12124 --- [npp] [restartedMain] .s.d.r.c.RepositoryConfigurationDelegate : Bootstrapping Spring Data JPA repositories in DEFAULT mode.
2024-05-31T10:58:38.909+05:30  INFO 12124 --- [npp] [restartedMain] .s.d.r.c.RepositoryConfigurationDelegate : Finished Spring Data repository scanning in 0 ms. Found 0 JPA repository interfaces.
2024-05-31T10:58:39.002+05:30  INFO 12124 --- [npp] [restartedMain] o.s.b.w.embedded.tomcat.TomcatWebServer  : Tomcat initialized with port 8080 (http)
2024-05-31T10:58:39.003+05:30  INFO 12124 --- [npp] [restartedMain] o.apache.catalina.core.StandardService   : Starting service [Tomcat]
2024-05-31T10:58:39.003+05:30  INFO 12124 --- [npp] [restartedMain] o.apache.catalina.core.StandardEngine    : Starting Servlet engine: [Apache Tomcat/10.1.24]
2024-05-31T10:58:39.042+05:30  INFO 12124 --- [npp] [restartedMain] o.a.c.c.C.[Tomcat].[localhost].[/]       : Initializing Spring embedded WebApplicationContext
2024-05-31T10:58:39.042+05:30  INFO 12124 --- [npp] [restartedMain] w.s.c.ServletWebServerApplicationContext : Root WebApplicationContext: initialization completed in 312 ms
2024-05-31T10:58:39.067+05:30  INFO 12124 --- [npp] [restartedMain] o.hibernate.jpa.internal.util.LogHelper  : HHH000204: Processing PersistenceUnitInfo [name: default]
2024-05-31T10:58:39.071+05:30  INFO 12124 --- [npp] [restartedMain] o.h.c.internal.RegionFactoryInitiator    : HHH000026: Second-level cache disabled
2024-05-31T10:58:39.080+05:30  INFO 12124 --- [npp] [restartedMain] o.s.o.j.p.SpringPersistenceUnitInfo      : No LoadTimeWeaver setup: ignoring JPA class transformer
2024-05-31T10:58:39.081+05:30  INFO 12124 --- [npp] [restartedMain] com.zaxxer.hikari.HikariDataSource       : HikariPool-3 - Starting...
2024-05-31T10:58:39.096+05:30  INFO 12124 --- [npp] [restartedMain] com.zaxxer.hikari.pool.HikariPool        : HikariPool-3 - Added connection com.mysql.cj.jdbc.ConnectionImpl@5918f7e5
2024-05-31T10:58:39.096+05:30  INFO 12124 --- [npp] [restartedMain] com.zaxxer.hikari.HikariDataSource       : HikariPool-3 - Start completed.
2024-05-31T10:58:39.097+05:30  WARN 12124 --- [npp] [restartedMain] org.hibernate.dialect.Dialect            : HHH000511: The 5.7.44 version for [org.hibernate.dialect.MySQLDialect] is no longer supported, hence certain features may not work properly. The minimum supported version is 8.0.0. Check the community dialects project for available legacy versions.
2024-05-31T10:58:39.098+05:30  WARN 12124 --- [npp] [restartedMain] org.hibernate.orm.deprecation            : HHH90000025: MySQLDialect does not need to be specified explicitly using 'hibernate.dialect' (remove the property setting and it will be selected by default)
2024-05-31T10:58:39.123+05:30  INFO 12124 --- [npp] [restartedMain] o.h.e.t.j.p.i.JtaPlatformInitiator       : HHH000489: No JTA platform available (set 'hibernate.transaction.jta.platform' to enable JTA platform integration)
2024-05-31T10:58:39.124+05:30  INFO 12124 --- [npp] [restartedMain] j.LocalContainerEntityManagerFactoryBean : Initialized JPA EntityManagerFactory for persistence unit 'default'
2024-05-31T10:58:39.155+05:30  WARN 12124 --- [npp] [restartedMain] JpaBaseConfiguration$JpaWebConfiguration : spring.jpa.open-in-view is enabled by default. Therefore, database queries may be performed during view rendering. Explicitly configure spring.jpa.open-in-view to disable this warning
2024-05-31T10:58:39.313+05:30  WARN 12124 --- [npp] [restartedMain] .s.s.UserDetailsServiceAutoConfiguration : 

Using generated security password: 21a48de5-94e8-48df-a3ae-3abfdfc63e7c

This generated password is for development use only. Your security configuration must be updated before running your application in production.

2024-05-31T10:58:39.314+05:30  INFO 12124 --- [npp] [restartedMain] r$InitializeUserDetailsManagerConfigurer : Global AuthenticationManager configured with UserDetailsService bean with name inMemoryUserDetailsManager
2024-05-31T10:58:39.333+05:30  INFO 12124 --- [npp] [restartedMain] o.s.s.web.DefaultSecurityFilterChain     : Will secure any request with [org.springframework.security.web.session.DisableEncodeUrlFilter@5187ee8d, org.springframework.security.web.context.request.async.WebAsyncManagerIntegrationFilter@599ed738, org.springframework.security.web.context.SecurityContextHolderFilter@6b5e3c8a, org.springframework.security.web.header.HeaderWriterFilter@75395304, org.springframework.web.filter.CorsFilter@749fdd96, org.springframework.security.web.csrf.CsrfFilter@94ece98, org.springframework.security.web.authentication.logout.LogoutFilter@6188b744, org.springframework.security.web.authentication.UsernamePasswordAuthenticationFilter@2041adb0, org.springframework.security.web.authentication.ui.DefaultLoginPageGeneratingFilter@37d47f2c, org.springframework.security.web.authentication.ui.DefaultLogoutPageGeneratingFilter@4817333a, org.springframework.security.web.authentication.www.BasicAuthenticationFilter@4d70c6b, org.springframework.security.web.savedrequest.RequestCacheAwareFilter@141b1577, org.springframework.security.web.servletapi.SecurityContextHolderAwareRequestFilter@84abc52, org.springframework.security.web.authentication.AnonymousAuthenticationFilter@268a4f33, org.springframework.security.web.access.ExceptionTranslationFilter@67ff7650, org.springframework.security.web.access.intercept.AuthorizationFilter@28c41aa7]
2024-05-31T10:58:39.353+05:30  INFO 12124 --- [npp] [restartedMain] o.s.b.d.a.OptionalLiveReloadServer       : LiveReload server is running on port 35729
2024-05-31T10:58:39.368+05:30  INFO 12124 --- [npp] [restartedMain] o.s.b.w.embedded.tomcat.TomcatWebServer  : Tomcat started on port 8080 (http) with context path '/'
2024-05-31T10:58:39.375+05:30  INFO 12124 --- [npp] [restartedMain] com.project.npp.NppApplication           : Started NppApplication in 0.7 seconds (process running for 28.201)
2024-05-31T10:58:39.378+05:30  INFO 12124 --- [npp] [restartedMain] .ConditionEvaluationDeltaLoggingListener : Condition evaluation unchanged
